# JRE version: Java(TM) SE Runtime Environment (8.0_91-b14) (build 1.8.0_91-b14)
# Java VM: Java HotSpot(TM) Server VM (25.91-b14 mixed mode linux-x86 )
Heap:
 PSYoungGen      total 439808K, used 192665K [0x87000000, 0xa7000000, 0xa7000000)
  eden space 363008K, 31% used [0x87000000,0x8e12a0f0,0x9d280000)
  from space 76800K, 99% used [0x9d280000,0xa1d7c5f8,0xa1d80000)
  to   space 84480K, 0% used [0xa1d80000,0xa1d80000,0xa7000000)
 ParOldGen       total 272896K, used 98640K [0x47000000, 0x57a80000, 0x87000000)
  object space 272896K, 36% used [0x47000000,0x4d0541f0,0x57a80000)
 Metaspace       used 55119K, capacity 57639K, committed 58368K, reserved 58672K
GC Heap History (10 events):
Event: 24315.669 GC heap before
{Heap before GC invocations=305 (full 41):
 PSYoungGen      total 426496K, used 108852K [0x87000000, 0xa7000000, 0xa7000000)
  eden space 339456K, 30% used [0x87000000,0x8d5477c0,0x9bb80000)
  from space 87040K, 5% used [0x9bb80000,0x9c085a48,0xa1080000)
  to   space 83968K, 0% used [0xa1e00000,0xa1e00000,0xa7000000)
 ParOldGen       total 272896K, used 200964K [0x47000000, 0x57a80000, 0x87000000)
  object space 272896K, 73% used [0x47000000,0x534412f8,0x57a80000)
 Metaspace       used 55062K, capacity 57535K, committed 58240K, reserved 58672K
Event: 24315.692 GC heap after
Heap after GC invocations=305 (full 41):
 PSYoungGen      total 437248K, used 528K [0x87000000, 0xa6c00000, 0xa7000000)
  eden space 357376K, 0% used [0x87000000,0x87000000,0x9cd00000)
  from space 79872K, 0% used [0xa1e00000,0xa1e84000,0xa6c00000)
  to   space 81408K, 0% used [0x9cd00000,0x9cd00000,0xa1c80000)
 ParOldGen       total 272896K, used 204328K [0x47000000, 0x57a80000, 0x87000000)
  object space 272896K, 74% used [0x47000000,0x5378a2f8,0x57a80000)
 Metaspace       used 55062K, capacity 57535K, committed 58240K, reserved 58672K
}
Event: 24315.692 GC heap before
{Heap before GC invocations=306 (full 42):
 PSYoungGen      total 437248K, used 528K [0x87000000, 0xa6c00000, 0xa7000000)
  eden space 357376K, 0% used [0x87000000,0x87000000,0x9cd00000)
  from space 79872K, 0% used [0xa1e00000,0xa1e84000,0xa6c00000)
  to   space 81408K, 0% used [0x9cd00000,0x9cd00000,0xa1c80000)
 ParOldGen       total 272896K, used 204328K [0x47000000, 0x57a80000, 0x87000000)
  object space 272896K, 74% used [0x47000000,0x5378a2f8,0x57a80000)
 Metaspace       used 55062K, capacity 57535K, committed 58240K, reserved 58672K
Event: 24315.981 GC heap after
Heap after GC invocations=306 (full 42):
 PSYoungGen      total 437248K, used 0K [0x87000000, 0xa6c00000, 0xa7000000)
  eden space 357376K, 0% used [0x87000000,0x87000000,0x9cd00000)
  from space 79872K, 0% used [0xa1e00000,0xa1e00000,0xa6c00000)
  to   space 81408K, 0% used [0x9cd00000,0x9cd00000,0xa1c80000)
 ParOldGen       total 272896K, used 56357K [0x47000000, 0x57a80000, 0x87000000)
  object space 272896K, 20% used [0x47000000,0x4a709680,0x57a80000)
 Metaspace       used 55062K, capacity 57535K, committed 58240K, reserved 58672K
}
Event: 25923.826 GC heap before
{Heap before GC invocations=307 (full 42):
 PSYoungGen      total 437248K, used 355785K [0x87000000, 0xa6c00000, 0xa7000000)
  eden space 357376K, 99% used [0x87000000,0x9cb725b8,0x9cd00000)
  from space 79872K, 0% used [0xa1e00000,0xa1e00000,0xa6c00000)
  to   space 81408K, 0% used [0x9cd00000,0x9cd00000,0xa1c80000)
 ParOldGen       total 272896K, used 56357K [0x47000000, 0x57a80000, 0x87000000)
  object space 272896K, 20% used [0x47000000,0x4a709680,0x57a80000)
 Metaspace       used 55112K, capacity 57639K, committed 58368K, reserved 58672K
Event: 25923.873 GC heap after
Heap after GC invocations=307 (full 42):
 PSYoungGen      total 438784K, used 32449K [0x87000000, 0xa6e80000, 0xa7000000)
  eden space 357376K, 0% used [0x87000000,0x87000000,0x9cd00000)
  from space 81408K, 39% used [0x9cd00000,0x9ecb0660,0xa1c80000)
  to   space 79872K, 0% used [0xa2080000,0xa2080000,0xa6e80000)
 ParOldGen       total 272896K, used 56361K [0x47000000, 0x57a80000, 0x87000000)
  object space 272896K, 20% used [0x47000000,0x4a70a680,0x57a80000)
 Metaspace       used 55112K, capacity 57639K, committed 58368K, reserved 58672K
}
Event: 25935.608 GC heap before
{Heap before GC invocations=308 (full 42):
 PSYoungGen      total 438784K, used 389825K [0x87000000, 0xa6e80000, 0xa7000000)
  eden space 357376K, 100% used [0x87000000,0x9cd00000,0x9cd00000)
  from space 81408K, 39% used [0x9cd00000,0x9ecb0660,0xa1c80000)
  to   space 79872K, 0% used [0xa2080000,0xa2080000,0xa6e80000)
 ParOldGen       total 272896K, used 56361K [0x47000000, 0x57a80000, 0x87000000)
  object space 272896K, 20% used [0x47000000,0x4a70a680,0x57a80000)
 Metaspace       used 55118K, capacity 57639K, committed 58368K, reserved 58672K
Event: 25935.630 GC heap after
Heap after GC invocations=308 (full 42):
 PSYoungGen      total 436736K, used 4870K [0x87000000, 0xa6880000, 0xa7000000)
  eden space 363008K, 0% used [0x87000000,0x87000000,0x9d280000)
  from space 73728K, 6% used [0xa2080000,0xa2541888,0xa6880000)
  to   space 76800K, 0% used [0x9d280000,0x9d280000,0xa1d80000)
 ParOldGen       total 272896K, used 67417K [0x47000000, 0x57a80000, 0x87000000)
  object space 272896K, 24% used [0x47000000,0x4b1d67b0,0x57a80000)
 Metaspace       used 55118K, capacity 57639K, committed 58368K, reserved 58672K
}
Event: 25942.412 GC heap before
{Heap before GC invocations=309 (full 42):
 PSYoungGen      total 436736K, used 367878K [0x87000000, 0xa6880000, 0xa7000000)
  eden space 363008K, 100% used [0x87000000,0x9d280000,0x9d280000)
  from space 73728K, 6% used [0xa2080000,0xa2541888,0xa6880000)
  to   space 76800K, 0% used [0x9d280000,0x9d280000,0xa1d80000)
 ParOldGen       total 272896K, used 67417K [0x47000000, 0x57a80000, 0x87000000)
  object space 272896K, 24% used [0x47000000,0x4b1d67b0,0x57a80000)
 Metaspace       used 55119K, capacity 57639K, committed 58368K, reserved 58672K
Event: 25942.522 GC heap after
Heap after GC invocations=309 (full 42):
 PSYoungGen      total 439808K, used 76785K [0x87000000, 0xa7000000, 0xa7000000)
  eden space 363008K, 0% used [0x87000000,0x87000000,0x9d280000)
  from space 76800K, 99% used [0x9d280000,0xa1d7c5f8,0xa1d80000)
  to   space 84480K, 0% used [0xa1d80000,0xa1d80000,0xa7000000)
 ParOldGen       total 272896K, used 98640K [0x47000000, 0x57a80000, 0x87000000)
  object space 272896K, 36% used [0x47000000,0x4d0541f0,0x57a80000)
 Metaspace       used 55119K, capacity 57639K, committed 58368K, reserved 58672K
}

